2025-08-19 16:57:43,789 - INFO - Iniciando scraping mejorado de barcelona - rent
2025-08-19 16:57:43,790 - INFO - URLs generadas para barcelona - rent: ['https://english.habitaclia.com/rent-barcelona.htm', 'https://english.habitaclia.com/rent-barcelona-2.htm']
2025-08-19 16:57:43,790 - INFO - Procesando página 1/2
2025-08-19 16:57:43,790 - INFO - Extrayendo enlaces de: https://english.habitaclia.com/rent-barcelona.htm
2025-08-19 16:57:55,342 - INFO - Selector exitoso: a[href*="-barcelona-i"] - 16 enlaces encontrados
2025-08-19 16:57:55,342 - INFO - Enlaces únicos encontrados: 16
2025-08-19 16:57:55,342 - INFO - Ejemplos de enlaces encontrados:
2025-08-19 16:57:55,342 - INFO -   1: https://english.habitaclia.com/rent-apartment-sarria-barcelona-i31390000000359.htm?f=&geo=p&from=list&lo=55
2025-08-19 16:57:55,342 - INFO -   2: https://english.habitaclia.com/rent-flat-street_de_varsovia_1_guinardo-barcelona-i672001777764.htm?f=&geo=p&from=list&lo=55
2025-08-19 16:57:55,342 - INFO -   3: https://english.habitaclia.com/barcelona/flats-houses-barcelona-i.htm
2025-08-19 16:57:55,342 - INFO - Enlaces encontrados en esta página: 16
2025-08-19 16:57:55,342 - INFO - Esperando 13.7 segundos antes de la siguiente página...
2025-08-19 16:58:09,079 - INFO - Procesando página 2/2
2025-08-19 16:58:09,082 - INFO - Extrayendo enlaces de: https://english.habitaclia.com/rent-barcelona-2.htm
2025-08-19 16:58:19,767 - INFO - Selector exitoso: a[href*="-barcelona-i"] - 16 enlaces encontrados
2025-08-19 16:58:19,767 - INFO - Enlaces únicos encontrados: 16
2025-08-19 16:58:19,767 - INFO - Ejemplos de enlaces encontrados:
2025-08-19 16:58:19,767 - INFO -   1: https://english.habitaclia.com/rent-house-vila_de_gracia-barcelona-i4737003825213.htm?pag=2&f=&geo=p&from=list&lo=55
2025-08-19 16:58:19,767 - INFO -   2: https://english.habitaclia.com/rent-flat-tres_torres-barcelona-i4737003824990.htm?pag=2&f=&geo=p&from=list&lo=55
2025-08-19 16:58:19,767 - INFO -   3: https://english.habitaclia.com/rent-flat-tres_torres-barcelona-i4737003824891.htm?pag=2&f=&geo=p&from=list&lo=55
2025-08-19 16:58:19,767 - INFO - Enlaces encontrados en esta página: 16
2025-08-19 16:58:19,767 - INFO - Total de propiedades únicas: 31
2025-08-19 16:58:19,767 - INFO - Progreso: 1/31 - https://english.habitaclia.com/rent-flat-street_de_varsovia_1_guinardo-barcelona-i672001777764.htm?f=&geo=p&from=list&lo=55
2025-08-19 16:58:19,767 - INFO - Scrapeando: https://english.habitaclia.com/rent-flat-street_de_varsovia_1_guinardo-barcelona-i672001777764.htm?f=&geo=p&from=list&lo=55
2025-08-19 16:58:37,953 - INFO -   ✓ Título: Rent flat 69m2in carrer de varsòvia 1 in Guinardó ...
2025-08-19 16:58:37,954 - INFO -   ✓ Precio: 1903.0€
2025-08-19 16:58:37,954 - INFO -   ✓ Ubicación: Guinardó- 
                            Carrer de Varsòvia 1
2025-08-19 16:58:50,793 - INFO - Progreso: 2/31 - https://english.habitaclia.com/rent-penthouse-street_de_varsovia_1_guinardo-barcelona-i672001777773.htm?f=&geo=p&from=list&lo=55
2025-08-19 16:58:50,794 - INFO - Scrapeando: https://english.habitaclia.com/rent-penthouse-street_de_varsovia_1_guinardo-barcelona-i672001777773.htm?f=&geo=p&from=list&lo=55
2025-08-19 16:59:03,708 - INFO -   ✓ Título: Rent penthouse 68m2in carrer de varsòvia 1 in Guin...
2025-08-19 16:59:03,709 - INFO -   ✓ Precio: 2738.0€
2025-08-19 16:59:03,709 - INFO -   ✓ Ubicación: Guinardó- 
                            Carrer de Varsòvia 1
2025-08-19 16:59:17,614 - INFO - Progreso: 3/31 - https://english.habitaclia.com/rent-flat-sant_gervasi_galvany-barcelona-i4737003825398.htm?pag=2&f=&geo=p&from=list&lo=55
2025-08-19 16:59:17,615 - INFO - Scrapeando: https://english.habitaclia.com/rent-flat-sant_gervasi_galvany-barcelona-i4737003825398.htm?pag=2&f=&geo=p&from=list&lo=55
2025-08-19 16:59:32,030 - INFO -   ✓ Título: Rent flat with heating parking in Sant Gervasi - G...
2025-08-19 16:59:32,031 - INFO -   ✓ Precio: 7500.0€
2025-08-19 16:59:32,031 - INFO -   ✓ Ubicación: Sant Gervasi - Galvany- 
                            Carrer de Freixa
2025-08-19 16:59:48,394 - INFO - Progreso: 4/31 - https://english.habitaclia.com/rent-flat-street_ganduxer_34_sant_gervasi_galvany-barcelona-i21572004122860.htm?f=&geo=p&from=list&lo=55
2025-08-19 16:59:48,396 - INFO - Scrapeando: https://english.habitaclia.com/rent-flat-street_ganduxer_34_sant_gervasi_galvany-barcelona-i21572004122860.htm?f=&geo=p&from=list&lo=55
2025-08-19 17:00:04,015 - INFO -   ✓ Título: Rent flat in carrer ganduxer 34 in Sant Gervasi - ...
2025-08-19 17:00:04,016 - INFO -   ✓ Precio: 4750.0€
2025-08-19 17:00:04,016 - INFO -   ✓ Ubicación: Sant Gervasi - Galvany- 
                            Carrer Ganduxer 34
2025-08-19 17:00:14,363 - INFO - Progreso: 5/31 - https://english.habitaclia.com/rent-flat-barceloneta-barcelona-i4737003825280.htm?pag=2&f=&geo=p&from=list&lo=55
2025-08-19 17:00:14,367 - INFO - Scrapeando: https://english.habitaclia.com/rent-flat-barceloneta-barcelona-i4737003825280.htm?pag=2&f=&geo=p&from=list&lo=55
2025-08-19 17:00:25,793 - INFO -   ✓ Título: Rent flat with heating in Barceloneta Barcelona...
2025-08-19 17:00:25,794 - INFO -   ✓ Precio: 1050.0€
2025-08-19 17:00:25,794 - INFO -   ✓ Ubicación: Barceloneta- 
                            Carrer dels Pescadors
2025-08-19 17:00:42,527 - INFO - Progreso: 6/31 - https://english.habitaclia.com/rent-apartment-l_antiga_esquerra_de_l_eixample-barcelona-i31390000000776.htm?f=&geo=p&from=list&lo=55
2025-08-19 17:00:42,530 - INFO - Scrapeando: https://english.habitaclia.com/rent-apartment-l_antiga_esquerra_de_l_eixample-barcelona-i31390000000776.htm?f=&geo=p&from=list&lo=55
2025-08-19 17:00:55,382 - INFO -   ✓ Título: Rent apartment with heating in L´Antiga Esquerra d...
2025-08-19 17:00:55,383 - INFO -   ✓ Precio: 4030.0€
2025-08-19 17:00:55,383 - INFO -   ✓ Ubicación: L´Antiga Esquerra de l´Eixample- 
                            Carrer del Comte d'Urgell
2025-08-19 17:01:13,333 - INFO - Progreso: 7/31 - https://english.habitaclia.com/rent-flat-hostafrancs-barcelona-i21241000013280.htm?f=&geo=p&from=list&lo=55
2025-08-19 17:01:13,334 - INFO - Scrapeando: https://english.habitaclia.com/rent-flat-hostafrancs-barcelona-i21241000013280.htm?f=&geo=p&from=list&lo=55
2025-08-19 17:01:29,361 - INFO -   ✓ Título: Rent flat in Hostafrancs Barcelona...
2025-08-19 17:01:29,362 - INFO -   ✓ Precio: 1350.0€
2025-08-19 17:01:29,362 - INFO -   ✓ Ubicación: Hostafrancs- 
                            Vilardell
2025-08-19 17:01:45,489 - INFO - Progreso: 8/31 - https://english.habitaclia.com/rent-flat-dreta_de_l_eixample-barcelona-i4737003820800.htm?f=&geo=p&from=list&lo=55
2025-08-19 17:01:45,492 - INFO - Scrapeando: https://english.habitaclia.com/rent-flat-dreta_de_l_eixample-barcelona-i4737003820800.htm?f=&geo=p&from=list&lo=55
2025-08-19 17:02:03,543 - INFO -   ✓ Título: Rent flat with heating in Dreta de l´Eixample Barc...
2025-08-19 17:02:03,544 - INFO -   ✓ Precio: 14000.0€
2025-08-19 17:02:03,544 - INFO -   ✓ Ubicación: Dreta de l´Eixample- 
                            Pg. de Gràcia
2025-08-19 17:02:19,940 - INFO - Progreso: 9/31 - https://english.habitaclia.com/rent-flat-sant_gervasi_galvany-barcelona-i3839004360890.htm?f=&geo=p&from=list&lo=55
2025-08-19 17:02:19,942 - INFO - Scrapeando: https://english.habitaclia.com/rent-flat-sant_gervasi_galvany-barcelona-i3839004360890.htm?f=&geo=p&from=list&lo=55
2025-08-19 17:02:33,897 - INFO -   ✓ Título: Rent flat with heating parking in Sant Gervasi - G...
2025-08-19 17:02:33,897 - INFO -   ✓ Precio: 8450.0€
2025-08-19 17:02:33,897 - INFO -   ✓ Ubicación: Sant Gervasi - Galvany- 
                            Carrer de la Reina Victòria
2025-08-19 17:02:46,885 - INFO - Progreso: 10/31 - https://english.habitaclia.com/rent-flat-tres_torres-barcelona-i4737003824891.htm?pag=2&f=&geo=p&from=list&lo=55
2025-08-19 17:02:46,886 - INFO - Scrapeando: https://english.habitaclia.com/rent-flat-tres_torres-barcelona-i4737003824891.htm?pag=2&f=&geo=p&from=list&lo=55
2025-08-19 17:03:04,816 - INFO -   ✓ Título: Rent flat with heating in Tres Torres Barcelona...
2025-08-19 17:03:04,817 - INFO -   ✓ Precio: 1400.0€
2025-08-19 17:03:04,817 - INFO -   ✓ Ubicación: Tres Torres- 
                            Ronda del General Mitre
2025-08-19 17:03:22,256 - INFO - Progreso: 11/31 - https://english.habitaclia.com/rent-flat-dreta_de_l_eixample-barcelona-i3901004273975.htm?pag=2&f=&geo=p&from=list&lo=55
2025-08-19 17:03:22,258 - INFO - Scrapeando: https://english.habitaclia.com/rent-flat-dreta_de_l_eixample-barcelona-i3901004273975.htm?pag=2&f=&geo=p&from=list&lo=55
2025-08-19 17:03:35,486 - INFO -   ✓ Título: Rent flat with heating in Dreta de l´Eixample Barc...
2025-08-19 17:03:35,487 - INFO -   ✓ Precio: 4950.0€
2025-08-19 17:03:35,487 - INFO -   ✓ Ubicación: Dreta de l´Eixample- 
                            CATALUNYA
2025-08-19 17:03:54,786 - INFO - Progreso: 12/31 - https://english.habitaclia.com/rent-house-pedralbes-barcelona-i4737003817460.htm?f=&geo=p&from=list&lo=55
2025-08-19 17:03:54,789 - INFO - Scrapeando: https://english.habitaclia.com/rent-house-pedralbes-barcelona-i4737003817460.htm?f=&geo=p&from=list&lo=55
2025-08-19 17:04:09,645 - INFO -   ✓ Título: Rent house with heating parking pool in Pedralbes ...
2025-08-19 17:04:09,645 - INFO -   ✓ Precio: 16000.0€
2025-08-19 17:04:09,645 - INFO -   ✓ Ubicación: Pedralbes- 
                            abadessa olzet
2025-08-19 17:04:28,269 - INFO - Progreso: 13/31 - https://english.habitaclia.com/rent-flat-gotic-barcelona-i3974003524929.htm?pag=2&f=&geo=p&from=list&lo=55
2025-08-19 17:04:28,277 - INFO - Scrapeando: https://english.habitaclia.com/rent-flat-gotic-barcelona-i3974003524929.htm?pag=2&f=&geo=p&from=list&lo=55
2025-08-19 17:04:39,679 - INFO -   ✓ Título: Rent flat with heating in Gòtic Barcelona...
2025-08-19 17:04:39,680 - INFO -   ✓ Precio: 1900.0€
2025-08-19 17:04:39,680 - INFO -   ✓ Ubicación: Gòtic- 
                            Carrer de la Mercè
2025-08-19 17:04:50,696 - INFO - Progreso: 14/31 - https://english.habitaclia.com/rent-flat-dreta_de_l_eixample-barcelona-i4737003818136.htm?pag=2&f=&geo=p&from=list&lo=55
2025-08-19 17:04:50,696 - INFO - Scrapeando: https://english.habitaclia.com/rent-flat-dreta_de_l_eixample-barcelona-i4737003818136.htm?pag=2&f=&geo=p&from=list&lo=55
2025-08-19 17:05:08,606 - INFO -   ✓ Título: Rent flat with heating in Dreta de l´Eixample Barc...
2025-08-19 17:05:08,607 - INFO -   ✓ Precio: 6000.0€
2025-08-19 17:05:08,607 - INFO -   ✓ Ubicación: Dreta de l´Eixample- 
                            Gran Via de les Corts Catalanes
2025-08-19 17:05:19,951 - INFO - Progreso: 15/31 - https://english.habitaclia.com/rent-flat-dreta_de_l_eixample-barcelona-i24368000000320.htm?f=&geo=p&from=list&lo=55
2025-08-19 17:05:19,951 - INFO - Scrapeando: https://english.habitaclia.com/rent-flat-dreta_de_l_eixample-barcelona-i24368000000320.htm?f=&geo=p&from=list&lo=55
2025-08-19 17:05:34,656 - INFO -   ✓ Título: Rent flat with heating in Dreta de l´Eixample Barc...
2025-08-19 17:05:34,656 - INFO -   ✓ Precio: 5500.0€
2025-08-19 17:05:34,656 - INFO -   ✓ Ubicación: Dreta de l´Eixample
2025-08-19 17:05:50,448 - INFO - Progreso: 16/31 - https://english.habitaclia.com/rent-flat-sarria-barcelona-i4737003821405.htm?pag=2&f=&geo=p&from=list&lo=55
2025-08-19 17:05:50,457 - INFO - Scrapeando: https://english.habitaclia.com/rent-flat-sarria-barcelona-i4737003821405.htm?pag=2&f=&geo=p&from=list&lo=55
2025-08-19 17:06:04,856 - INFO -   ✓ Título: Rent flat with heating parking pool in Sarrià Barc...
2025-08-19 17:06:04,857 - INFO -   ✓ Precio: 15000.0€
2025-08-19 17:06:04,857 - INFO -   ✓ Ubicación: Sarrià- 
                            Carrer del Saüc
2025-08-19 17:06:24,120 - INFO - Progreso: 17/31 - https://english.habitaclia.com/rent-apartment-sarria-barcelona-i31390000000359.htm?f=&geo=p&from=list&lo=55
2025-08-19 17:06:24,121 - INFO - Scrapeando: https://english.habitaclia.com/rent-apartment-sarria-barcelona-i31390000000359.htm?f=&geo=p&from=list&lo=55
2025-08-19 17:06:44,434 - INFO -   ✓ Título: Rent apartment in Sarrià Barcelona...
2025-08-19 17:06:44,434 - INFO -   ✓ Precio: 3060.0€
2025-08-19 17:06:44,434 - INFO -   ✓ Ubicación: Sarrià- 
                            Carrer Major de Sarrià
2025-08-19 17:06:55,500 - INFO - Progreso: 18/31 - https://english.habitaclia.com/rent-studio-can_baro-barcelona-i31032004276037.htm?f=&geo=p&from=list&lo=55
2025-08-19 17:06:55,502 - INFO - Scrapeando: https://english.habitaclia.com/rent-studio-can_baro-barcelona-i31032004276037.htm?f=&geo=p&from=list&lo=55
2025-08-19 17:07:13,991 - INFO -   ✓ Título: Rent studio in Can Baró Barcelona...
2025-08-19 17:07:13,992 - INFO -   ✓ Precio: 920.0€
2025-08-19 17:07:13,992 - INFO -   ✓ Ubicación: Can Baró- 
                            Carrer de França
2025-08-19 17:07:24,197 - INFO - Progreso: 19/31 - https://english.habitaclia.com/rent-flat-tres_torres-barcelona-i4737003824892.htm?pag=2&f=&geo=p&from=list&lo=55
2025-08-19 17:07:24,208 - INFO - Scrapeando: https://english.habitaclia.com/rent-flat-tres_torres-barcelona-i4737003824892.htm?pag=2&f=&geo=p&from=list&lo=55
2025-08-19 17:07:34,917 - INFO -   ✓ Título: Rent flat with heating in Tres Torres Barcelona...
2025-08-19 17:07:34,917 - INFO -   ✓ Precio: 2050.0€
2025-08-19 17:07:34,917 - INFO -   ✓ Ubicación: Tres Torres- 
                            Ronda del General Mitre
2025-08-19 17:07:46,563 - INFO - Progreso: 20/31 - https://english.habitaclia.com/rent-flat-sarria-barcelona-i4948003578538.htm?f=&geo=p&from=list&lo=55
2025-08-19 17:07:46,564 - INFO - Scrapeando: https://english.habitaclia.com/rent-flat-sarria-barcelona-i4948003578538.htm?f=&geo=p&from=list&lo=55
2025-08-19 17:08:04,156 - INFO -   ✓ Título: Rent flat with heating parking in Sarrià Barcelona...
2025-08-19 17:08:04,157 - INFO -   ✓ Precio: 2850.0€
2025-08-19 17:08:04,157 - INFO -   ✓ Ubicación: Sarrià
2025-08-19 17:08:19,269 - INFO - Progreso: 21/31 - https://english.habitaclia.com/rent-flat-raval-barcelona-i21241000013331.htm?f=&geo=p&from=list&lo=55
2025-08-19 17:08:19,270 - INFO - Scrapeando: https://english.habitaclia.com/rent-flat-raval-barcelona-i21241000013331.htm?f=&geo=p&from=list&lo=55
2025-08-19 17:08:33,273 - INFO -   ✓ Título: Rent flat in Raval Barcelona...
2025-08-19 17:08:33,274 - INFO -   ✓ Precio: 1200.0€
2025-08-19 17:08:33,274 - INFO -   ✓ Ubicación: Raval- 
                            Guifré
2025-08-19 17:08:45,180 - INFO - Progreso: 22/31 - https://english.habitaclia.com/rent-flat-tres_torres-barcelona-i9433003078084.htm?pag=2&f=&geo=p&from=list&lo=55
2025-08-19 17:08:45,182 - INFO - Scrapeando: https://english.habitaclia.com/rent-flat-tres_torres-barcelona-i9433003078084.htm?pag=2&f=&geo=p&from=list&lo=55
2025-08-19 17:09:02,013 - INFO -   ✓ Título: Rent flat with heating in Tres Torres Barcelona...
2025-08-19 17:09:02,014 - INFO -   ✓ Precio: 2300.0€
2025-08-19 17:09:02,014 - INFO -   ✓ Ubicación: Tres Torres- 
                            RICARDO VILLA
2025-08-19 17:09:20,099 - INFO - Progreso: 23/31 - https://english.habitaclia.com/rent-flat-raval-barcelona-i4737003825196.htm?f=&geo=p&from=list&lo=55
2025-08-19 17:09:20,100 - INFO - Scrapeando: https://english.habitaclia.com/rent-flat-raval-barcelona-i4737003825196.htm?f=&geo=p&from=list&lo=55
2025-08-19 17:09:35,909 - INFO -   ✓ Título: Rent flat with heating in Raval Barcelona...
2025-08-19 17:09:35,910 - INFO -   ✓ Precio: 2300.0€
2025-08-19 17:09:35,910 - INFO -   ✓ Ubicación: Raval- 
                            Rda. de Sant Antoni
2025-08-19 17:09:54,498 - INFO - Progreso: 24/31 - https://english.habitaclia.com/rent-flat-raval-barcelona-i4737003825082.htm?pag=2&f=&geo=p&from=list&lo=55
2025-08-19 17:09:54,510 - INFO - Scrapeando: https://english.habitaclia.com/rent-flat-raval-barcelona-i4737003825082.htm?pag=2&f=&geo=p&from=list&lo=55
2025-08-19 17:10:06,736 - INFO -   ✓ Título: Rent flat with heating in Raval Barcelona...
2025-08-19 17:10:06,737 - INFO -   ✓ Precio: 2200.0€
2025-08-19 17:10:06,737 - INFO -   ✓ Ubicación: Raval- 
                            Carrer del Pintor Fortuny
2025-08-19 17:10:22,966 - INFO - Progreso: 25/31 - https://english.habitaclia.com/rent-flat-sant_gervasi_galvany-barcelona-i3839004360908.htm?f=&geo=p&from=list&lo=55
2025-08-19 17:10:22,972 - INFO - Scrapeando: https://english.habitaclia.com/rent-flat-sant_gervasi_galvany-barcelona-i3839004360908.htm?f=&geo=p&from=list&lo=55
2025-08-19 17:10:41,007 - INFO -   ✓ Título: Rent flat with heating in Sant Gervasi - Galvany B...
2025-08-19 17:10:41,008 - INFO -   ✓ Precio: 2000.0€
2025-08-19 17:10:41,008 - INFO -   ✓ Ubicación: Sant Gervasi - Galvany- 
                            Carrer de la Reina Victòria
2025-08-19 17:10:54,739 - INFO - Progreso: 26/31 - https://english.habitaclia.com/rent-house-vila_de_gracia-barcelona-i4737003825213.htm?pag=2&f=&geo=p&from=list&lo=55
2025-08-19 17:10:54,740 - INFO - Scrapeando: https://english.habitaclia.com/rent-house-vila_de_gracia-barcelona-i4737003825213.htm?pag=2&f=&geo=p&from=list&lo=55
2025-08-19 17:11:05,638 - INFO -   ✓ Título: Rent house with heating in Vila de Gràcia Barcelon...
2025-08-19 17:11:05,638 - INFO -   ✓ Precio: 4500.0€
2025-08-19 17:11:05,638 - INFO -   ✓ Ubicación: Vila de Gràcia- 
                            Carrer de Neptú
2025-08-19 17:11:21,201 - INFO - Progreso: 27/31 - https://english.habitaclia.com/rent-flat-tres_torres-barcelona-i4737003824990.htm?pag=2&f=&geo=p&from=list&lo=55
2025-08-19 17:11:21,203 - INFO - Scrapeando: https://english.habitaclia.com/rent-flat-tres_torres-barcelona-i4737003824990.htm?pag=2&f=&geo=p&from=list&lo=55
2025-08-19 17:11:40,637 - INFO -   ✓ Título: Rent flat with heating in Tres Torres Barcelona...
2025-08-19 17:11:40,638 - INFO -   ✓ Precio: 1500.0€
2025-08-19 17:11:40,638 - INFO -   ✓ Ubicación: Tres Torres- 
                            Ronda del General Mitre
2025-08-19 17:11:51,001 - INFO - Progreso: 28/31 - https://english.habitaclia.com/rent-apartment-dreta_de_l_eixample-barcelona-i36562004212853.htm?pag=2&f=&geo=p&from=list&lo=55
2025-08-19 17:11:51,002 - INFO - Scrapeando: https://english.habitaclia.com/rent-apartment-dreta_de_l_eixample-barcelona-i36562004212853.htm?pag=2&f=&geo=p&from=list&lo=55
2025-08-19 17:12:05,925 - INFO -   ✓ Título: Rent apartment with heating in Dreta de l´Eixample...
2025-08-19 17:12:05,925 - INFO -   ✓ Precio: 6500.0€
2025-08-19 17:12:05,925 - INFO -   ✓ Ubicación: Dreta de l´Eixample- 
                            Paseo paseo de gracia 88
2025-08-19 17:12:22,147 - INFO - Progreso: 29/31 - https://english.habitaclia.com/barcelona/flats-houses-barcelona-i.htm
2025-08-19 17:12:22,147 - INFO - Scrapeando: https://english.habitaclia.com/barcelona/flats-houses-barcelona-i.htm
2025-08-19 17:13:07,822 - ERROR - Error extrayendo datos de https://english.habitaclia.com/barcelona/flats-houses-barcelona-i.htm: HTTPSConnectionPool(host='english.habitaclia.com', port=443): Read timed out. (read timeout=30)
2025-08-19 17:13:20,149 - INFO - Progreso: 30/31 - https://english.habitaclia.com/rent-flat-el_poble_sec_parc_de_montjuic-barcelona-i55551000002374.htm?pag=2&f=&geo=p&from=list&lo=55
2025-08-19 17:13:20,150 - INFO - Scrapeando: https://english.habitaclia.com/rent-flat-el_poble_sec_parc_de_montjuic-barcelona-i55551000002374.htm?pag=2&f=&geo=p&from=list&lo=55
2025-08-19 17:13:39,669 - INFO -   ✓ Título: Rent flat with heating in El Poble Sec - Parc de M...
2025-08-19 17:13:39,670 - INFO -   ✓ Precio: 1750.0€
2025-08-19 17:13:39,670 - INFO -   ✓ Ubicación: El Poble Sec - Parc de Montjuïc
2025-08-19 17:13:51,867 - INFO - Progreso: 31/31 - https://english.habitaclia.com/rent-flat-el_camp_d_en_grassot_i_gracia_nova-barcelona-i4737003825522.htm?pag=2&f=&geo=p&from=list&lo=55
2025-08-19 17:13:51,877 - INFO - Scrapeando: https://english.habitaclia.com/rent-flat-el_camp_d_en_grassot_i_gracia_nova-barcelona-i4737003825522.htm?pag=2&f=&geo=p&from=list&lo=55
2025-08-19 17:14:07,889 - INFO -   ✓ Título: Rent flat with heating in El Camp d´en Grassot i G...
2025-08-19 17:14:07,890 - INFO -   ✓ Precio: 1500.0€
2025-08-19 17:14:07,890 - INFO -   ✓ Ubicación: El Camp d´en Grassot i Gràcia Nova- 
                            Carrer de Sardenya
2025-08-19 17:14:07,890 - INFO - Scraping completado. Propiedades extraídas: 31
2025-08-19 17:14:07,890 - INFO - Extracciones exitosas: 30/31
2025-08-19 17:14:07,923 - INFO - Datos guardados en: habitaclia_properties_20250819_171407.csv
2025-08-19 17:14:07,923 - INFO - Columnas: ['title', 'price', 'location', 'rooms', 'bathrooms', 'area_m2', 'url', 'timestamp', 'status', 'price_raw', 'description', 'image_urls', 'image_count', 'phone', 'error']
2025-08-19 17:14:07,923 - INFO - Total filas: 31
2025-08-19 17:14:07,924 - INFO - Precios - Min: 920.0€, Max: 16000.0€, Media: 4371.70€
2025-08-19 17:14:07,929 - INFO - Datos guardados en JSON: habitaclia_properties_20250819_171407.json
